FE-clientApp/platforms/tempPlugin/nativescript_google_maps_sdk/build/intermediates/manifest_merge_blame_file/release/manifest-merger-blame-release-report.txt
1<?xml version="1.0" encoding="utf-8"?>
2<manifest xmlns:android="http://schemas.android.com/apk/res/android"
3    package="org.nativescript.nativescriptgooglesdk"
4    android:versionCode="1"
5    android:versionName="1.0" >
6
7    <uses-sdk android:targetSdkVersion="26" />
7-->src\main\AndroidManifest.xml
8
9    <uses-permission android:name="android.permission.ACCESS_NETWORK_STATE" />
9-->src\main\AndroidManifest.xml:3:3-76
9-->src\main\AndroidManifest.xml:3:20-74
10    <uses-permission android:name="com.google.android.providers.gsf.permission.READ_GSERVICES" />
10-->src\main\AndroidManifest.xml:4:3-95
10-->src\main\AndroidManifest.xml:4:20-93
11
12</manifest>